<?xml version="1.0" encoding="UTF-8"?>
<!-- Generated by org.testng.reporters.JUnitXMLReporter -->
<testsuite ignored="1" hostname="DESKTOP-S27VUJS" failures="0" tests="29" name="Test" time="2.17" errors="0" timestamp="2024-02-16T13:32:52 IST">
  <testcase classname="com.TESTNG.TEST_Script1" name="CreateAccount" time="0.001"/>
  <testcase classname="com.TESTNG.TEST_Script1" name="CreateAccount" time="0.001"/>
  <testcase classname="com.TESTNG.TEST_Script1" name="CreateAccount" time="0.002"/>
  <testcase classname="com.TESTNG.TEST_Script1" name="CreateAccount" time="0.001"/>
  <testcase classname="com.TESTNG.TEST_Script1" name="CreateAccount" time="0.003"/>
  <testcase classname="com.TESTNG.TEST_Script1" name="CreateAccount" time="0.002"/>
  <testcase classname="com.TESTNG.TEST_Script1" name="CreateAccount" time="0.002"/>
  <testcase classname="com.TESTNG.TEST_Script1" name="CreateAccount" time="0.002"/>
  <testcase classname="com.TESTNG.TEST_Script1" name="CreateAccount" time="0.001"/>
  <testcase classname="com.TESTNG.TEST_Script1" name="CreateAccount" time="0.002"/>
  <testcase classname="com.TESTNG.TEST_Script1" name="DeleteAccount" time="0.001"/>
  <testcase classname="com.TESTNG.Verification_TEST01" name="M1" time="0.013"/>
  <testcase classname="com.TESTNG.TEST_script2" name="SingUP" time="0.004"/>
  <testcase classname="com.TESTNG.TEST_script2" name="LoginPage" time="0.002"/>
  <testcase classname="com.TESTNG.TEST_SCRIPT_04" name="Singup" time="2.014"/>
  <testcase classname="com.TESTNG.Verifiaction_TEST03" name="TEST02" time="0.001"/>
  <testcase classname="com.TESTNG.Verifiaction_TEST02" name="TEST03" time="0.001"/>
  <testcase classname="com.TESTNG.Verifiaction_TEST02" name="Test" time="0.001"/>
  <testcase classname="com.TESTNG.Verifiaction_TEST02" name="TEST02" time="0.001"/>
  <testcase classname="com.TESTNG.Verifiaction_TEST03" name="Test01" time="0.012"/>
  <testcase classname="com.TESTNG.TEST_Script" name="Test_script01" time="0.001"/>
  <testcase classname="com.TESTNG.TEST_Script" name="Test_script02" time="0.001"/>
  <testcase classname="com.TESTNG.TEST_SCript3" name="m1" time="0.002"/>
  <testcase classname="com.TESTNG.TEST_SCript3" name="m2" time="0.002"/>
  <testcase classname="com.TESTNG.TEST_SCript3" name="m3" time="0.002"/>
  <testcase classname="com.TESTNG.TEST_SCript3" name="m4" time="0.001"/>
  <testcase classname="com.TESTNG.TEST_SCript3" name="m5" time="0.0"/>
  <testcase classname="com.TESTNG.TEST_Script1" name="EditAccount" time="0.002"/>
  <testcase classname="com.TESTNG.TEST_Script1" name="ReadAccount" time="0.001"/>
  <testcase classname="com.TESTNG.TEST_Script1" name="upDateAccount" time="0.0">
    <ignored/>
  </testcase> <!-- upDateAccount -->
</testsuite> <!-- Test -->
