<?xml version="1.0" encoding="UTF-8"?>
<!-- Generated by org.testng.reporters.JUnitXMLReporter -->
<testsuite ignored="1" hostname="DESKTOP-S27VUJS" failures="0" tests="7" name="Test" time="0.092" errors="0" timestamp="2024-02-16T13:32:50 IST">
  <testcase classname="Include_Exclude.Launch" name="LaunchApp" time="0.01"/>
  <testcase classname="Include_Exclude.Launch" name="LaunchVerfiy" time="0.001"/>
  <testcase classname="Include_Exclude.Login" name="LoginApp" time="0.001"/>
  <testcase classname="Include_Exclude.Login" name="VerifyLoginApp" time="0.001"/>
  <testcase classname="Include_Exclude.LogOut" name="Logout" time="0.002"/>
  <testcase classname="Include_Exclude.LogOut" name="VerifyLogout" time="0.003"/>
  <testcase classname="Include_Exclude.Home" name="HomeApp" time="0.002"/>
  <testcase classname="Include_Exclude.Home" name="HomeVerfiy" time="0.0">
    <ignored/>
  </testcase> <!-- HomeVerfiy -->
</testsuite> <!-- Test -->
