<?xml version="1.0" encoding="UTF-8"?>
<testng-results ignored="0" total="1" passed="1" failed="0" skipped="0">
  <reporter-output>
  </reporter-output>
  <suite started-at="2024-03-06T13:46:08 IST" name="Default suite" finished-at="2024-03-06T13:46:18 IST" duration-ms="10175">
    <groups>
    </groups>
    <test started-at="2024-03-06T13:46:08 IST" name="Default test" finished-at="2024-03-06T13:46:18 IST" duration-ms="10175">
      <class name="com.DATA_DRIVEN_FW.FeatchDATAfrom_DATAPROVIDER">
        <test-method signature="fetchdata([Ljava.lang.String;)[pri:0, instance:com.DATA_DRIVEN_FW.FeatchDATAfrom_DATAPROVIDER@2af004b]" started-at="2024-03-06T13:46:09 IST" name="fetchdata" data-provider="login" finished-at="2024-03-06T13:46:18 IST" duration-ms="9085" status="PASS">
          <params>
            <param index="0">
              <value>
                <![CDATA[[Ljava.lang.String;@7bc6d27a]]>
              </value>
            </param>
          </params>
          <reporter-output>
          </reporter-output>
        </test-method> <!-- fetchdata -->
      </class> <!-- com.DATA_DRIVEN_FW.FeatchDATAfrom_DATAPROVIDER -->
    </test> <!-- Default test -->
  </suite> <!-- Default suite -->
</testng-results>
